<?xml version="1.0" encoding="UTF-8"?>
<testsuite xmlns:xsi="http://www.w3.org/2001/XMLSchema-instance" xsi:noNamespaceSchemaLocation="https://maven.apache.org/surefire/maven-surefire-plugin/xsd/surefire-test-report-3.0.xsd" version="3.0" name="UserServiceTest" time="0.459" tests="5" errors="0" skipped="0" failures="0">
  <properties>
[...]
</properties>
  <testcase name="whenCreateUser_thenUserShouldBeCreated" classname="UserServiceTest" time="0.428"/>
  <testcase name="whenGetUserById_withValidId_thenUserShouldBeFound" classname="UserServiceTest" time="0.003"/>
  <testcase name="whenDeleteUser_withValidId_thenUserShouldBeDeleted" classname="UserServiceTest" time="0.006"/>
  <testcase name="whenGetUserById_withInvalidId_thenUserShouldNotBeFound" classname="UserServiceTest" time="0.002"/>
  <testcase name="whenUpdateUser_withValidInfo_thenUserShouldBeUpdated" classname="UserServiceTest" time="0.002"/>
</testsuite>